00000000000i[     ] Bochs x86 Emulator 2.6.2
00000000000i[     ]   Built from SVN snapshot on May 26, 2013
00000000000i[     ] Compiled on Jul 12 2014 at 23:50:47
00000000000i[     ] System configuration
00000000000i[     ]   processors: 1 (cores=1, HT threads=1)
00000000000i[     ]   A20 line support: yes
00000000000i[     ] IPS is set to 4000000
00000000000i[     ] CPU configuration
00000000000i[     ]   SMP support: no
00000000000i[     ]   level: 6
00000000000i[     ]   APIC support: xapic
00000000000i[     ]   FPU support: yes
00000000000i[     ]   MMX support: yes
00000000000i[     ]   3dnow! support: no
00000000000i[     ]   SEP support: yes
00000000000i[     ]   SSE support: sse2
00000000000i[     ]   XSAVE support: no 
00000000000i[     ]   AES support: no
00000000000i[     ]   MOVBE support: no
00000000000i[     ]   ADX support: no
00000000000i[     ]   x86-64 support: yes
00000000000i[     ]   1G paging support: no
00000000000i[     ]   MWAIT support: yes
00000000000i[     ] Optimization configuration
00000000000i[     ]   RepeatSpeedups support: yes
00000000000i[     ]   Fast function calls: yes
00000000000i[     ]   Handlers Chaining speedups: no
00000000000i[     ] Devices configuration
00000000000i[     ]   NE2000 support: yes
00000000000i[     ]   PCI support: yes, enabled=yes
00000000000i[     ]   SB16 support: yes
00000000000i[     ]   USB support: yes
00000000000i[     ]   VGA extension support: vbe cirrus
00000000000i[MEM0 ] allocated memory at 0x112308000. after alignment, vector=0x112308000
00000000000i[MEM0 ] 32.00MB
00000000000i[MEM0 ] mem block size = 0x00100000, blocks=32
00000000000i[MEM0 ] rom at 0xfffe0000/131072 ('/usr/local/share/bochs/BIOS-bochs-latest')
00000000000i[     ] lt_dlhandle is 0x7fdf807a21a0
00000000000i[PLGIN] loaded plugin libbx_hdimage.so
00000000000i[     ] lt_dlhandle is 0x7fdf807a2480
00000000000i[PLGIN] loaded plugin libbx_pci.so
00000000000i[     ] lt_dlhandle is 0x7fdf807a2790
00000000000i[PLGIN] loaded plugin libbx_pci2isa.so
00000000000i[     ] lt_dlhandle is 0x7fdf807a2c30
00000000000i[PLGIN] loaded plugin libbx_usb_uhci.so
00000000000i[     ] lt_dlhandle is 0x7fdf807a48f0
00000000000i[PLGIN] loaded plugin libbx_usb_common.so
00000000000i[     ] lt_dlhandle is 0x7fdf807a4fe0
00000000000i[PLGIN] loaded plugin libbx_acpi.so
00000000000i[     ] lt_dlhandle is 0x7fdf807a5290
00000000000i[PLGIN] loaded plugin libbx_cmos.so
00000000000i[     ] lt_dlhandle is 0x7fdf807a5330
00000000000i[PLGIN] loaded plugin libbx_dma.so
00000000000i[     ] lt_dlhandle is 0x7fdf807a5e20
00000000000i[PLGIN] loaded plugin libbx_pic.so
00000000000i[     ] lt_dlhandle is 0x7fdf807a6140
00000000000i[PLGIN] loaded plugin libbx_pit.so
00000000000i[     ] lt_dlhandle is 0x7fdf807a66f0
00000000000i[PLGIN] loaded plugin libbx_floppy.so
00000000000i[     ] lt_dlhandle is 0x7fdf807a6bd0
00000000000i[PLGIN] loaded plugin libbx_vga.so
00000000000i[     ] lt_dlhandle is 0x7fdf807a7210
00000000000i[PLGIN] loaded plugin libbx_ioapic.so
00000000000i[     ] lt_dlhandle is 0x7fdf807a7510
00000000000i[PLGIN] loaded plugin libbx_keyboard.so
00000000000i[     ] lt_dlhandle is 0x7fdf807a7950
00000000000i[PLGIN] loaded plugin libbx_harddrv.so
00000000000i[     ] lt_dlhandle is 0x7fdf807a7b90
00000000000i[PLGIN] loaded plugin libbx_pci_ide.so
00000000000i[PLGIN] init_dev of 'pci' plugin device by virtual method
00000000000i[DEV  ] i440FX PMC present at device 0, function 0
00000000000i[PLGIN] init_dev of 'pci2isa' plugin device by virtual method
00000000000i[DEV  ] PIIX3 PCI-to-ISA bridge present at device 1, function 0
00000000000i[PLGIN] init_dev of 'cmos' plugin device by virtual method
00000000000i[CMOS ] Using local time for initial clock
00000000000i[CMOS ] Setting initial clock to: Tue Jul 22 23:06:06 2014 (time0=1406041566)
00000000000i[PLGIN] init_dev of 'dma' plugin device by virtual method
00000000000i[DMA  ] channel 4 used by cascade
00000000000i[PLGIN] init_dev of 'pic' plugin device by virtual method
00000000000i[PLGIN] init_dev of 'pit' plugin device by virtual method
00000000000i[PLGIN] init_dev of 'floppy' plugin device by virtual method
00000000000i[DMA  ] channel 2 used by Floppy Drive
00000000000i[PLGIN] init_dev of 'vga' plugin device by virtual method
00000000000i[MEM0 ] Register memory access handlers: 0x0000000a0000 - 0x0000000bffff
00000000000i[VGA  ] interval=200000
00000000000i[MEM0 ] Register memory access handlers: 0x0000e0000000 - 0x0000e0ffffff
00000000000i[BXVGA] VBE Bochs Display Extension Enabled
00000000000i[XGUI ] test_alloc_colors: 16 colors available out of 16 colors tried
00000000000i[XGUI ] font 8 wide x 16 high, display depth = 24
00000000000i[MEM0 ] rom at 0xc0000/41472 ('/usr/local/share/bochs/VGABIOS-lgpl-latest')
00000000000i[PLGIN] init_dev of 'acpi' plugin device by virtual method
00000000000i[DEV  ] ACPI Controller present at device 1, function 3
00000000000i[PLGIN] init_dev of 'ioapic' plugin device by virtual method
00000000000i[IOAP ] initializing I/O APIC
00000000000i[MEM0 ] Register memory access handlers: 0x0000fec00000 - 0x0000fec00fff
00000000000i[IOAP ] IOAPIC enabled (base address = 0xfec00000)
00000000000i[PLGIN] init_dev of 'keyboard' plugin device by virtual method
00000000000i[KBD  ] will paste characters every 400 keyboard ticks
00000000000i[PLGIN] init_dev of 'harddrv' plugin device by virtual method
00000000000i[HD   ] HD on ata0-0: '../disk.vhd', 'flat' mode
00000000000p[HD   ] >>PANIC<< ata0-0: could not open hard drive image file '../disk.vhd'
00000000000i[CPU0 ] CPU is in real mode (active)
00000000000i[CPU0 ] CS.mode = 16 bit
00000000000i[CPU0 ] SS.mode = 16 bit
00000000000i[CPU0 ] EFER   = 0x00000000
00000000000i[CPU0 ] | EAX=00000000  EBX=00000000  ECX=00000000  EDX=00000000
00000000000i[CPU0 ] | ESP=00000000  EBP=00000000  ESI=00000000  EDI=00000000
00000000000i[CPU0 ] | IOPL=0 id vip vif ac vm rf nt of df if tf sf ZF af PF cf
00000000000i[CPU0 ] | SEG sltr(index|ti|rpl)     base    limit G D
00000000000i[CPU0 ] |  CS:0000( 0000| 0|  0) 00000000 00000000 0 0
00000000000i[CPU0 ] |  DS:0000( 0000| 0|  0) 00000000 00000000 0 0
00000000000i[CPU0 ] |  SS:0000( 0000| 0|  0) 00000000 00000000 0 0
00000000000i[CPU0 ] |  ES:0000( 0000| 0|  0) 00000000 00000000 0 0
00000000000i[CPU0 ] |  FS:0000( 0000| 0|  0) 00000000 00000000 0 0
00000000000i[CPU0 ] |  GS:0000( 0000| 0|  0) 00000000 00000000 0 0
00000000000i[CPU0 ] | EIP=00000000 (00000000)
00000000000i[CPU0 ] | CR0=0x00000000 CR2=0x00000000
00000000000i[CPU0 ] | CR3=0x00000000 CR4=0x00000000
00000000000i[MEM0 ] allocate_block: block=0x0 used 0x1 of 0x20
00000000000i[CTRL ] quit_sim called with exit code 1
